# JRE version: Java(TM) SE Runtime Environment (8.0_40-b26) (build 1.8.0_40-b26)
# Java VM: Java HotSpot(TM) 64-Bit Server VM (25.40-b25 mixed mode windows-amd64 compressed oops)
Heap:
 PSYoungGen      total 254464K, used 10623K [0x00000000d6f00000, 0x00000000ef880000, 0x0000000100000000)
  eden space 229888K, 2% used [0x00000000d6f00000,0x00000000d74d8590,0x00000000e4f80000)
  from space 24576K, 18% used [0x00000000e4f80000,0x00000000e5407678,0x00000000e6780000)
  to   space 24576K, 0% used [0x00000000ee080000,0x00000000ee080000,0x00000000ef880000)
 ParOldGen       total 51712K, used 30536K [0x0000000084c00000, 0x0000000087e80000, 0x00000000d6f00000)
  object space 51712K, 59% used [0x0000000084c00000,0x00000000869d20d8,0x0000000087e80000)
 Metaspace       used 32410K, capacity 32666K, committed 33024K, reserved 1079296K
  class space    used 3433K, capacity 3499K, committed 3584K, reserved 1048576K
GC Heap History (10 events):
Event: 12.159 GC heap before
{Heap before GC invocations=10 (full 1):
 PSYoungGen      total 112640K, used 107771K [0x00000000d6f00000, 0x00000000ded00000, 0x0000000100000000)
  eden space 99328K, 100% used [0x00000000d6f00000,0x00000000dd000000,0x00000000dd000000)
  from space 13312K, 63% used [0x00000000de000000,0x00000000de83ee80,0x00000000ded00000)
  to   space 14848K, 0% used [0x00000000dd000000,0x00000000dd000000,0x00000000dde80000)
 ParOldGen       total 51712K, used 20781K [0x0000000084c00000, 0x0000000087e80000, 0x00000000d6f00000)
  object space 51712K, 40% used [0x0000000084c00000,0x000000008604b7a8,0x0000000087e80000)
 Metaspace       used 28390K, capacity 28616K, committed 28800K, reserved 1075200K
  class space    used 3034K, capacity 3112K, committed 3200K, reserved 1048576K
Event: 12.170 GC heap after
Heap after GC invocations=10 (full 1):
 PSYoungGen      total 114176K, used 12789K [0x00000000d6f00000, 0x00000000e2300000, 0x0000000100000000)
  eden space 99328K, 0% used [0x00000000d6f00000,0x00000000d6f00000,0x00000000dd000000)
  from space 14848K, 86% used [0x00000000dd000000,0x00000000ddc7d468,0x00000000dde80000)
  to   space 15872K, 0% used [0x00000000e1380000,0x00000000e1380000,0x00000000e2300000)
 ParOldGen       total 51712K, used 21861K [0x0000000084c00000, 0x0000000087e80000, 0x00000000d6f00000)
  object space 51712K, 42% used [0x0000000084c00000,0x00000000861597a8,0x0000000087e80000)
 Metaspace       used 28390K, capacity 28616K, committed 28800K, reserved 1075200K
  class space    used 3034K, capacity 3112K, committed 3200K, reserved 1048576K
}
Event: 12.432 GC heap before
{Heap before GC invocations=11 (full 1):
 PSYoungGen      total 114176K, used 112117K [0x00000000d6f00000, 0x00000000e2300000, 0x0000000100000000)
  eden space 99328K, 100% used [0x00000000d6f00000,0x00000000dd000000,0x00000000dd000000)
  from space 14848K, 86% used [0x00000000dd000000,0x00000000ddc7d468,0x00000000dde80000)
  to   space 15872K, 0% used [0x00000000e1380000,0x00000000e1380000,0x00000000e2300000)
 ParOldGen       total 51712K, used 21861K [0x0000000084c00000, 0x0000000087e80000, 0x00000000d6f00000)
  object space 51712K, 42% used [0x0000000084c00000,0x00000000861597a8,0x0000000087e80000)
 Metaspace       used 28393K, capacity 28616K, committed 28800K, reserved 1075200K
  class space    used 3034K, capacity 3112K, committed 3200K, reserved 1048576K
Event: 12.442 GC heap after
Heap after GC invocations=11 (full 1):
 PSYoungGen      total 166912K, used 13752K [0x00000000d6f00000, 0x00000000e2680000, 0x0000000100000000)
  eden space 151040K, 0% used [0x00000000d6f00000,0x00000000d6f00000,0x00000000e0280000)
  from space 15872K, 86% used [0x00000000e1380000,0x00000000e20ee340,0x00000000e2300000)
  to   space 17408K, 0% used [0x00000000e0280000,0x00000000e0280000,0x00000000e1380000)
 ParOldGen       total 51712K, used 23293K [0x0000000084c00000, 0x0000000087e80000, 0x00000000d6f00000)
  object space 51712K, 45% used [0x0000000084c00000,0x00000000862bf640,0x0000000087e80000)
 Metaspace       used 28393K, capacity 28616K, committed 28800K, reserved 1075200K
  class space    used 3034K, capacity 3112K, committed 3200K, reserved 1048576K
}
Event: 12.752 GC heap before
{Heap before GC invocations=12 (full 1):
 PSYoungGen      total 166912K, used 164792K [0x00000000d6f00000, 0x00000000e2680000, 0x0000000100000000)
  eden space 151040K, 100% used [0x00000000d6f00000,0x00000000e0280000,0x00000000e0280000)
  from space 15872K, 86% used [0x00000000e1380000,0x00000000e20ee340,0x00000000e2300000)
  to   space 17408K, 0% used [0x00000000e0280000,0x00000000e0280000,0x00000000e1380000)
 ParOldGen       total 51712K, used 23293K [0x0000000084c00000, 0x0000000087e80000, 0x00000000d6f00000)
  object space 51712K, 45% used [0x0000000084c00000,0x00000000862bf640,0x0000000087e80000)
 Metaspace       used 28394K, capacity 28616K, committed 28800K, reserved 1075200K
  class space    used 3035K, capacity 3112K, committed 3200K, reserved 1048576K
Event: 12.765 GC heap after
Heap after GC invocations=12 (full 1):
 PSYoungGen      total 168448K, used 17399K [0x00000000d6f00000, 0x00000000e7c00000, 0x0000000100000000)
  eden space 151040K, 0% used [0x00000000d6f00000,0x00000000d6f00000,0x00000000e0280000)
  from space 17408K, 99% used [0x00000000e0280000,0x00000000e137ddd0,0x00000000e1380000)
  to   space 20992K, 0% used [0x00000000e6780000,0x00000000e6780000,0x00000000e7c00000)
 ParOldGen       total 51712K, used 27935K [0x0000000084c00000, 0x0000000087e80000, 0x00000000d6f00000)
  object space 51712K, 54% used [0x0000000084c00000,0x0000000086747fd0,0x0000000087e80000)
 Metaspace       used 28394K, capacity 28616K, committed 28800K, reserved 1075200K
  class space    used 3035K, capacity 3112K, committed 3200K, reserved 1048576K
}
Event: 13.027 GC heap before
{Heap before GC invocations=13 (full 1):
 PSYoungGen      total 168448K, used 168439K [0x00000000d6f00000, 0x00000000e7c00000, 0x0000000100000000)
  eden space 151040K, 100% used [0x00000000d6f00000,0x00000000e0280000,0x00000000e0280000)
  from space 17408K, 99% used [0x00000000e0280000,0x00000000e137ddd0,0x00000000e1380000)
  to   space 20992K, 0% used [0x00000000e6780000,0x00000000e6780000,0x00000000e7c00000)
 ParOldGen       total 51712K, used 27935K [0x0000000084c00000, 0x0000000087e80000, 0x00000000d6f00000)
  object space 51712K, 54% used [0x0000000084c00000,0x0000000086747fd0,0x0000000087e80000)
 Metaspace       used 28396K, capacity 28616K, committed 28800K, reserved 1075200K
  class space    used 3035K, capacity 3112K, committed 3200K, reserved 1048576K
Event: 13.041 GC heap after
Heap after GC invocations=13 (full 1):
 PSYoungGen      total 250880K, used 20990K [0x00000000d6f00000, 0x00000000e8400000, 0x0000000100000000)
  eden space 229888K, 0% used [0x00000000d6f00000,0x00000000d6f00000,0x00000000e4f80000)
  from space 20992K, 99% used [0x00000000e6780000,0x00000000e7bff8b8,0x00000000e7c00000)
  to   space 24576K, 0% used [0x00000000e4f80000,0x00000000e4f80000,0x00000000e6780000)
 ParOldGen       total 51712K, used 29543K [0x0000000084c00000, 0x0000000087e80000, 0x00000000d6f00000)
  object space 51712K, 57% used [0x0000000084c00000,0x00000000868d9dd8,0x0000000087e80000)
 Metaspace       used 28396K, capacity 28616K, committed 28800K, reserved 1075200K
  class space    used 3035K, capacity 3112K, committed 3200K, reserved 1048576K
}
Event: 15.649 GC heap before
{Heap before GC invocations=14 (full 1):
 PSYoungGen      total 250880K, used 250664K [0x00000000d6f00000, 0x00000000e8400000, 0x0000000100000000)
  eden space 229888K, 99% used [0x00000000d6f00000,0x00000000e4f4a8b8,0x00000000e4f80000)
  from space 20992K, 99% used [0x00000000e6780000,0x00000000e7bff8b8,0x00000000e7c00000)
  to   space 24576K, 0% used [0x00000000e4f80000,0x00000000e4f80000,0x00000000e6780000)
 ParOldGen       total 51712K, used 29543K [0x0000000084c00000, 0x0000000087e80000, 0x00000000d6f00000)
  object space 51712K, 57% used [0x0000000084c00000,0x00000000868d9dd8,0x0000000087e80000)
 Metaspace       used 32400K, capacity 32666K, committed 33024K, reserved 1079296K
  class space    used 3433K, capacity 3499K, committed 3584K, reserved 1048576K
Event: 15.655 GC heap after
Heap after GC invocations=14 (full 1):
 PSYoungGen      total 254464K, used 4637K [0x00000000d6f00000, 0x00000000ef880000, 0x0000000100000000)
  eden space 229888K, 0% used [0x00000000d6f00000,0x00000000d6f00000,0x00000000e4f80000)
  from space 24576K, 18% used [0x00000000e4f80000,0x00000000e5407678,0x00000000e6780000)
  to   space 24576K, 0% used [0x00000000ee080000,0x00000000ee080000,0x00000000ef880000)
 ParOldGen       total 51712K, used 30536K [0x0000000084c00000, 0x0000000087e80000, 0x00000000d6f00000)
  object space 51712K, 59% used [0x0000000084c00000,0x00000000869d20d8,0x0000000087e80000)
 Metaspace       used 32400K, capacity 32666K, committed 33024K, reserved 1079296K
  class space    used 3433K, capacity 3499K, committed 3584K, reserved 1048576K
}

