# JRE version: Java(TM) SE Runtime Environment (8.0_40-b26) (build 1.8.0_40-b26)
# Java VM: Java HotSpot(TM) 64-Bit Server VM (25.40-b25 mixed mode windows-amd64 compressed oops)
Heap:
 PSYoungGen      total 312320K, used 7835K [0x00000000d6f00000, 0x00000000ebb00000, 0x0000000100000000)
  eden space 294912K, 2% used [0x00000000d6f00000,0x00000000d75a2968,0x00000000e8f00000)
  from space 17408K, 5% used [0x00000000eaa00000,0x00000000eab04678,0x00000000ebb00000)
  to   space 22528K, 0% used [0x00000000e8f00000,0x00000000e8f00000,0x00000000ea500000)
 ParOldGen       total 56832K, used 29316K [0x0000000084c00000, 0x0000000088380000, 0x00000000d6f00000)
  object space 56832K, 51% used [0x0000000084c00000,0x00000000868a10b0,0x0000000088380000)
 Metaspace       used 32799K, capacity 33056K, committed 33280K, reserved 1079296K
  class space    used 3420K, capacity 3500K, committed 3584K, reserved 1048576K
GC Heap History (10 events):
Event: 6.863 GC heap before
{Heap before GC invocations=11 (full 1):
 PSYoungGen      total 105984K, used 102518K [0x00000000d6f00000, 0x00000000e1300000, 0x0000000100000000)
  eden space 90624K, 100% used [0x00000000d6f00000,0x00000000dc780000,0x00000000dc780000)
  from space 15360K, 77% used [0x00000000dc780000,0x00000000dd31d9e8,0x00000000dd680000)
  to   space 15872K, 0% used [0x00000000e0380000,0x00000000e0380000,0x00000000e1300000)
 ParOldGen       total 56832K, used 21561K [0x0000000084c00000, 0x0000000088380000, 0x00000000d6f00000)
  object space 56832K, 37% used [0x0000000084c00000,0x000000008610e708,0x0000000088380000)
 Metaspace       used 28056K, capacity 28360K, committed 28544K, reserved 1075200K
  class space    used 3015K, capacity 3112K, committed 3200K, reserved 1048576K
Event: 6.876 GC heap after
Heap after GC invocations=11 (full 1):
 PSYoungGen      total 151552K, used 12125K [0x00000000d6f00000, 0x00000000e1500000, 0x0000000100000000)
  eden space 135680K, 0% used [0x00000000d6f00000,0x00000000d6f00000,0x00000000df380000)
  from space 15872K, 76% used [0x00000000e0380000,0x00000000e0f57520,0x00000000e1300000)
  to   space 16384K, 0% used [0x00000000df380000,0x00000000df380000,0x00000000e0380000)
 ParOldGen       total 56832K, used 22989K [0x0000000084c00000, 0x0000000088380000, 0x00000000d6f00000)
  object space 56832K, 40% used [0x0000000084c00000,0x0000000086273590,0x0000000088380000)
 Metaspace       used 28056K, capacity 28360K, committed 28544K, reserved 1075200K
  class space    used 3015K, capacity 3112K, committed 3200K, reserved 1048576K
}
Event: 7.223 GC heap before
{Heap before GC invocations=12 (full 1):
 PSYoungGen      total 151552K, used 147805K [0x00000000d6f00000, 0x00000000e1500000, 0x0000000100000000)
  eden space 135680K, 100% used [0x00000000d6f00000,0x00000000df380000,0x00000000df380000)
  from space 15872K, 76% used [0x00000000e0380000,0x00000000e0f57520,0x00000000e1300000)
  to   space 16384K, 0% used [0x00000000df380000,0x00000000df380000,0x00000000e0380000)
 ParOldGen       total 56832K, used 22989K [0x0000000084c00000, 0x0000000088380000, 0x00000000d6f00000)
  object space 56832K, 40% used [0x0000000084c00000,0x0000000086273590,0x0000000088380000)
 Metaspace       used 28056K, capacity 28360K, committed 28544K, reserved 1075200K
  class space    used 3015K, capacity 3112K, committed 3200K, reserved 1048576K
Event: 7.235 GC heap after
Heap after GC invocations=12 (full 1):
 PSYoungGen      total 152064K, used 16378K [0x00000000d6f00000, 0x00000000e5d00000, 0x0000000100000000)
  eden space 135680K, 0% used [0x00000000d6f00000,0x00000000d6f00000,0x00000000df380000)
  from space 16384K, 99% used [0x00000000df380000,0x00000000e037ebb8,0x00000000e0380000)
  to   space 19456K, 0% used [0x00000000e4a00000,0x00000000e4a00000,0x00000000e5d00000)
 ParOldGen       total 56832K, used 26453K [0x0000000084c00000, 0x0000000088380000, 0x00000000d6f00000)
  object space 56832K, 46% used [0x0000000084c00000,0x00000000865d57f8,0x0000000088380000)
 Metaspace       used 28056K, capacity 28360K, committed 28544K, reserved 1075200K
  class space    used 3015K, capacity 3112K, committed 3200K, reserved 1048576K
}
Event: 7.566 GC heap before
{Heap before GC invocations=13 (full 1):
 PSYoungGen      total 152064K, used 152058K [0x00000000d6f00000, 0x00000000e5d00000, 0x0000000100000000)
  eden space 135680K, 100% used [0x00000000d6f00000,0x00000000df380000,0x00000000df380000)
  from space 16384K, 99% used [0x00000000df380000,0x00000000e037ebb8,0x00000000e0380000)
  to   space 19456K, 0% used [0x00000000e4a00000,0x00000000e4a00000,0x00000000e5d00000)
 ParOldGen       total 56832K, used 26453K [0x0000000084c00000, 0x0000000088380000, 0x00000000d6f00000)
  object space 56832K, 46% used [0x0000000084c00000,0x00000000865d57f8,0x0000000088380000)
 Metaspace       used 28056K, capacity 28360K, committed 28544K, reserved 1075200K
  class space    used 3015K, capacity 3112K, committed 3200K, reserved 1048576K
Event: 7.580 GC heap after
Heap after GC invocations=13 (full 1):
 PSYoungGen      total 221184K, used 19425K [0x00000000d6f00000, 0x00000000e6300000, 0x0000000100000000)
  eden space 201728K, 0% used [0x00000000d6f00000,0x00000000d6f00000,0x00000000e3400000)
  from space 19456K, 99% used [0x00000000e4a00000,0x00000000e5cf8498,0x00000000e5d00000)
  to   space 22528K, 0% used [0x00000000e3400000,0x00000000e3400000,0x00000000e4a00000)
 ParOldGen       total 56832K, used 27464K [0x0000000084c00000, 0x0000000088380000, 0x00000000d6f00000)
  object space 56832K, 48% used [0x0000000084c00000,0x00000000866d2090,0x0000000088380000)
 Metaspace       used 28056K, capacity 28360K, committed 28544K, reserved 1075200K
  class space    used 3015K, capacity 3112K, committed 3200K, reserved 1048576K
}
Event: 9.858 GC heap before
{Heap before GC invocations=14 (full 1):
 PSYoungGen      total 221184K, used 221153K [0x00000000d6f00000, 0x00000000e6300000, 0x0000000100000000)
  eden space 201728K, 100% used [0x00000000d6f00000,0x00000000e3400000,0x00000000e3400000)
  from space 19456K, 99% used [0x00000000e4a00000,0x00000000e5cf8498,0x00000000e5d00000)
  to   space 22528K, 0% used [0x00000000e3400000,0x00000000e3400000,0x00000000e4a00000)
 ParOldGen       total 56832K, used 27464K [0x0000000084c00000, 0x0000000088380000, 0x00000000d6f00000)
  object space 56832K, 48% used [0x0000000084c00000,0x00000000866d2090,0x0000000088380000)
 Metaspace       used 32302K, capacity 32538K, committed 32768K, reserved 1079296K
  class space    used 3419K, capacity 3499K, committed 3584K, reserved 1048576K
Event: 9.869 GC heap after
Heap after GC invocations=14 (full 1):
 PSYoungGen      total 224256K, used 12407K [0x00000000d6f00000, 0x00000000ebf80000, 0x0000000100000000)
  eden space 201728K, 0% used [0x00000000d6f00000,0x00000000d6f00000,0x00000000e3400000)
  from space 22528K, 55% used [0x00000000e3400000,0x00000000e401de28,0x00000000e4a00000)
  to   space 22016K, 0% used [0x00000000eaa00000,0x00000000eaa00000,0x00000000ebf80000)
 ParOldGen       total 56832K, used 28340K [0x0000000084c00000, 0x0000000088380000, 0x00000000d6f00000)
  object space 56832K, 49% used [0x0000000084c00000,0x00000000867ad0b0,0x0000000088380000)
 Metaspace       used 32302K, capacity 32538K, committed 32768K, reserved 1079296K
  class space    used 3419K, capacity 3499K, committed 3584K, reserved 1048576K
}
Event: 15.145 GC heap before
{Heap before GC invocations=15 (full 1):
 PSYoungGen      total 224256K, used 214135K [0x00000000d6f00000, 0x00000000ebf80000, 0x0000000100000000)
  eden space 201728K, 100% used [0x00000000d6f00000,0x00000000e3400000,0x00000000e3400000)
  from space 22528K, 55% used [0x00000000e3400000,0x00000000e401de28,0x00000000e4a00000)
  to   space 22016K, 0% used [0x00000000eaa00000,0x00000000eaa00000,0x00000000ebf80000)
 ParOldGen       total 56832K, used 28340K [0x0000000084c00000, 0x0000000088380000, 0x00000000d6f00000)
  object space 56832K, 49% used [0x0000000084c00000,0x00000000867ad0b0,0x0000000088380000)
 Metaspace       used 32799K, capacity 33056K, committed 33280K, reserved 1079296K
  class space    used 3420K, capacity 3500K, committed 3584K, reserved 1048576K
Event: 15.149 GC heap after
Heap after GC invocations=15 (full 1):
 PSYoungGen      total 312320K, used 1041K [0x00000000d6f00000, 0x00000000ebb00000, 0x0000000100000000)
  eden space 294912K, 0% used [0x00000000d6f00000,0x00000000d6f00000,0x00000000e8f00000)
  from space 17408K, 5% used [0x00000000eaa00000,0x00000000eab04678,0x00000000ebb00000)
  to   space 22528K, 0% used [0x00000000e8f00000,0x00000000e8f00000,0x00000000ea500000)
 ParOldGen       total 56832K, used 29316K [0x0000000084c00000, 0x0000000088380000, 0x00000000d6f00000)
  object space 56832K, 51% used [0x0000000084c00000,0x00000000868a10b0,0x0000000088380000)
 Metaspace       used 32799K, capacity 33056K, committed 33280K, reserved 1079296K
  class space    used 3420K, capacity 3500K, committed 3584K, reserved 1048576K
}

